Started at Sat Aug 13 03:30:46 UTC 2022
Processing down_stream_java
Offering down_stream_java to Project Build Discarder
Processing email_job
Offering email_job to Project Build Discarder
Processing job1
Offering job1 to Project Build Discarder
Processing maven_project_1
Offering maven_project_1 to Project Build Discarder
Processing min_proj_web-hook
Offering min_proj_web-hook to Project Build Discarder
Processing simple_java
Offering simple_java to Project Build Discarder
Processing maven_project_1/com.demo:demo
Offering maven_project_1/com.demo:demo to Project Build Discarder
Finished at Sat Aug 13 03:30:46 UTC 2022. 5ms
Started at Sat Aug 13 04:30:46 UTC 2022
Processing down_stream_java
Offering down_stream_java to Project Build Discarder
Processing email_job
Offering email_job to Project Build Discarder
Processing job1
Offering job1 to Project Build Discarder
Processing maven_project_1
Offering maven_project_1 to Project Build Discarder
Processing min_proj_web-hook
Offering min_proj_web-hook to Project Build Discarder
Processing simple_java
Offering simple_java to Project Build Discarder
Processing trigger_test-vinod
Offering trigger_test-vinod to Project Build Discarder
Processing maven_project_1/com.demo:demo
Offering maven_project_1/com.demo:demo to Project Build Discarder
Finished at Sat Aug 13 04:30:46 UTC 2022. 6ms
Started at Sat Aug 13 05:30:46 UTC 2022
Processing down_stream_java
Offering down_stream_java to Project Build Discarder
Processing email_job
Offering email_job to Project Build Discarder
Processing email_test
Offering email_test to Project Build Discarder
Processing job1
Offering job1 to Project Build Discarder
Processing maven_project_1
Offering maven_project_1 to Project Build Discarder
Processing min_proj_web-hook
Offering min_proj_web-hook to Project Build Discarder
Processing simple_java
Offering simple_java to Project Build Discarder
Processing trigger_test-vinod
Offering trigger_test-vinod to Project Build Discarder
Processing maven_project_1/com.demo:demo
Offering maven_project_1/com.demo:demo to Project Build Discarder
Finished at Sat Aug 13 05:30:46 UTC 2022. 3ms
Started at Sat Aug 13 06:30:46 UTC 2022
Processing down_stream_java
Offering down_stream_java to Project Build Discarder
Processing email_job
Offering email_job to Project Build Discarder
Processing email_test
Offering email_test to Project Build Discarder
Processing job1
Offering job1 to Project Build Discarder
Processing maven_project_1
Offering maven_project_1 to Project Build Discarder
Processing min_proj_web-hook
Offering min_proj_web-hook to Project Build Discarder
Processing simple_java
Offering simple_java to Project Build Discarder
Processing trigger_test-vinod
Offering trigger_test-vinod to Project Build Discarder
Processing maven_project_1/com.demo:demo
Offering maven_project_1/com.demo:demo to Project Build Discarder
Finished at Sat Aug 13 06:30:46 UTC 2022. 1ms
Started at Sat Aug 13 07:30:46 UTC 2022
Processing down_stream_java
Offering down_stream_java to Project Build Discarder
Processing email_job
Offering email_job to Project Build Discarder
Processing email_test
Offering email_test to Project Build Discarder
Processing job1
Offering job1 to Project Build Discarder
Processing maven_project_1
Offering maven_project_1 to Project Build Discarder
Processing min_proj_web-hook
Offering min_proj_web-hook to Project Build Discarder
Processing simple_java
Offering simple_java to Project Build Discarder
Processing trigger_test-vinod
Offering trigger_test-vinod to Project Build Discarder
Processing maven_project_1/com.demo:demo
Offering maven_project_1/com.demo:demo to Project Build Discarder
Finished at Sat Aug 13 07:30:46 UTC 2022. 1ms
